<?xml version="1.0" encoding="UTF-8"?>
<testsuite xmlns:xsi="http://www.w3.org/2001/XMLSchema-instance" xsi:noNamespaceSchemaLocation="https://maven.apache.org/surefire/maven-surefire-plugin/xsd/surefire-test-report.xsd" version="3.0.2" name="com.jobportal.job_portal.services.UserServiceTest" time="1.121" tests="2" errors="0" skipped="0" failures="0">
  <properties>
[...]
</properties>
  <testcase name="testGetAllUsers" classname="com.jobportal.job_portal.services.UserServiceTest" time="1.108"/>
  <testcase name="testGetUserById" classname="com.jobportal.job_portal.services.UserServiceTest" time="0.013"/>
</testsuite>